<?xml version="1.0" encoding="utf-8"?><testsuites><testsuite name="pytest" errors="0" failures="0" skipped="0" tests="4" time="7.343" timestamp="2023-09-07T16:03:33.418878" hostname="euclid"><testcase classname="lapy.test_TriaMesh_Geodesics" name="test_TriaMesh_Geodesics" time="0.003" /><testcase classname="lapy.test_TriaMesh_Geodesics" name="test_Laplase_Geodesics" time="0.011" /><testcase classname="lapy.test_TriaMesh_Geodesics" name="test_heat_diffusion_shape" time="0.001" /><testcase classname="lapy.test_TriaMesh_Geodesics" name="test_Geodesics_format" time="0.001" /></testsuite></testsuites>